TN:
SF:script/DeployCrowedFund.s.sol
FN:8,DeployCrowedFund.deployCrowedFund
FNDA:0,DeployCrowedFund.deployCrowedFund
DA:9,1
DA:9,1
DA:10,1
DA:10,1
BRDA:10,0,0,-
BRDA:10,0,1,1
DA:12,0
DA:12,0
DA:13,1
DA:13,1
BRDA:13,1,0,-
BRDA:13,1,1,1
DA:14,0
DA:14,0
DA:16,1
DA:16,1
DA:18,0
DA:18,0
DA:19,0
DA:19,0
DA:19,0
DA:20,0
DA:20,0
DA:21,0
DA:21,0
FN:24,DeployCrowedFund.run
FNDA:1,DeployCrowedFund.run
DA:25,1
DA:25,1
DA:25,1
FNF:2
FNH:1
LF:11
LH:5
BRF:4
BRH:2
end_of_record
TN:
SF:src/CrowedFund.sol
FN:16,CrowedFund.onlyOwner
FNDA:0,CrowedFund.onlyOwner
DA:17,0
DA:17,0
BRDA:17,0,0,-
BRDA:17,0,1,-
FN:21,CrowedFund.
FNDA:0,CrowedFund.
DA:22,0
DA:22,0
DA:23,0
DA:23,0
FN:26,CrowedFund.fund
FNDA:0,CrowedFund.fund
DA:27,0
DA:27,0
BRDA:27,1,0,-
BRDA:27,1,1,-
DA:32,0
DA:32,0
DA:33,0
DA:33,0
FN:36,CrowedFund.getBalance
FNDA:0,CrowedFund.getBalance
DA:37,0
DA:37,0
FN:40,CrowedFund.getDataFeedVersion
FNDA:0,CrowedFund.getDataFeedVersion
DA:41,0
DA:41,0
DA:41,0
FN:44,CrowedFund.withDraw
FNDA:0,CrowedFund.withDraw
DA:45,0
DA:45,0
DA:45,0
DA:46,0
DA:46,0
BRDA:46,2,0,-
BRDA:46,2,1,-
DA:47,0
DA:47,0
FN:51,CrowedFund.
FNDA:0,CrowedFund.
FNF:7
FNH:0
LF:11
LH:0
BRF:6
BRH:0
end_of_record
TN:
SF:src/PriceConventer.sol
FN:6,PriceConventer.getPrice
FNDA:0,PriceConventer.getPrice
DA:10,0
DA:10,0
DA:16,0
DA:16,0
DA:17,0
DA:17,0
DA:17,0
FN:20,PriceConventer.conventerEthAmoutToUsd
FNDA:0,PriceConventer.conventerEthAmoutToUsd
DA:24,0
DA:24,0
DA:24,0
DA:25,0
DA:25,0
DA:25,0
DA:26,0
DA:26,0
FNF:2
FNH:0
LF:6
LH:0
BRF:0
BRH:0
end_of_record
